The files belonging to this database system will be owned by user "postgres".
This user must also own the server process.

The database cluster will be initialized with locale "en_US.utf8".
The default database encoding has accordingly been set to "UTF8".
The default text search configuration will be set to "english".

Data page checksums are disabled.

fixing permissions on existing directory /var/lib/postgresql/data ... ok
creating subdirectories ... ok
selecting dynamic shared memory implementation ... posix
selecting default max_connections ... 100
selecting default shared_buffers ... 128MB
selecting default time zone ... Etc/UTC
creating configuration files ... ok
running bootstrap script ... ok
performing post-bootstrap initialization ... ok
syncing data to disk ... ok

initdb: warning: enabling "trust" authentication for local connections
initdb: hint: You can change this by editing pg_hba.conf or using the option -A, or --auth-local and --auth-host, the next time you run initdb.

Success. You can now start the database server using:

    pg_ctl -D /var/lib/postgresql/data -l logfile start

waiting for server to start.....2026-03-18 08:07:21.082 UTC [48] LOG:  starting PostgreSQL 15.17 (Debian 15.17-1.pgdg13+1) on x86_64-pc-linux-gnu, compiled by gcc (Debian 14.2.0-19) 14.2.0, 64-bit
2026-03-18 08:07:21.267 UTC [48] LOG:  listening on Unix socket "/var/run/postgresql/.s.PGSQL.5432"
2026-03-18 08:07:21.484 UTC [51] LOG:  database system was shut down at 2026-03-18 08:07:14 UTC
.2026-03-18 08:07:22.038 UTC [48] LOG:  database system is ready to accept connections
 done
server started
CREATE DATABASE


/usr/local/bin/docker-entrypoint.sh: running /docker-entrypoint-initdb.d/init.sql
CREATE EXTENSION
CREATE TYPE
CREATE TYPE
CREATE TYPE
CREATE TABLE
CREATE TABLE
CREATE TABLE
CREATE TABLE
CREATE TABLE
CREATE TABLE
CREATE TABLE
CREATE TABLE
CREATE TABLE
CREATE TABLE
CREATE INDEX
CREATE INDEX
CREATE INDEX
CREATE INDEX
CREATE INDEX
CREATE FUNCTION
CREATE TRIGGER
INSERT 0 3


2026-03-18 08:08:07.519 UTC [48] LOG:  received fast shutdown request
waiting for server to shut down....2026-03-18 08:08:07.582 UTC [48] LOG:  aborting any active transactions
.2026-03-18 08:08:08.560 UTC [48] LOG:  background worker "logical replication launcher" (PID 54) exited with exit code 1
2026-03-18 08:08:08.561 UTC [49] LOG:  shutting down
2026-03-18 08:08:08.567 UTC [49] LOG:  checkpoint starting: shutdown immediate
...2026-03-18 08:08:11.750 UTC [49] LOG:  checkpoint complete: wrote 957 buffers (5.8%); 0 WAL file(s) added, 0 removed, 0 recycled; write=2.631 s, sync=0.533 s, total=3.190 s; sync files=344, longest=0.054 s, average=0.002 s; distance=4499 kB, estimate=4499 kB
2026-03-18 08:08:11.833 UTC [48] LOG:  database system is shut down
 done
server stopped

PostgreSQL init process complete; ready for start up.

2026-03-18 08:08:15.920 UTC [1] LOG:  starting PostgreSQL 15.17 (Debian 15.17-1.pgdg13+1) on x86_64-pc-linux-gnu, compiled by gcc (Debian 14.2.0-19) 14.2.0, 64-bit
2026-03-18 08:08:16.057 UTC [1] LOG:  listening on IPv4 address "0.0.0.0", port 5432
2026-03-18 08:08:16.057 UTC [1] LOG:  listening on IPv6 address "::", port 5432
2026-03-18 08:08:16.134 UTC [1] LOG:  listening on Unix socket "/var/run/postgresql/.s.PGSQL.5432"
2026-03-18 08:08:16.963 UTC [66] LOG:  database system was shut down at 2026-03-18 08:08:11 UTC
2026-03-18 08:08:17.548 UTC [1] LOG:  database system is ready to accept connections
2026-03-18 08:13:17.042 UTC [64] LOG:  checkpoint starting: time
2026-03-18 08:13:18.701 UTC [64] LOG:  checkpoint complete: wrote 19 buffers (0.1%); 0 WAL file(s) added, 0 removed, 0 recycled; write=1.619 s, sync=0.013 s, total=1.659 s; sync files=9, longest=0.006 s, average=0.002 s; distance=51 kB, estimate=51 kB
